Using pre-set license
Built from '2020.3/staging' branch; Version is '2020.3.19f1 (68f137dc9bbe) revision 6877495'; Using compiler version '192528614'; Build Type 'Release'
OS: 'Windows 10 Home; OS build 19043.1288; Version 2009; 64bit' Language: 'en' Physical Memory: 15789 MB
BatchMode: 1, IsHumanControllingUs: 0, StartBugReporterOnCrash: 0, Is64bit: 1, IsPro: 0

COMMAND LINE ARGUMENTS:
C:\Program Files\Unity\Hub\Editor\2020.3.19f1\Editor\Unity.exe
-adb2
-batchMode
-noUpm
-name
AssetImportWorker0
-projectPath
C:/Users/Emi/Principish/ludumdare38
-logFile
Logs/AssetImportWorker0.log
-srvPort
64390
Successfully changed project path to: C:/Users/Emi/Principish/ludumdare38
C:/Users/Emi/Principish/ludumdare38
Using Asset Import Pipeline V2.
Refreshing native plugins compatible for Editor in 29.07 ms, found 2 plugins.
Preloading 0 native plugins for Editor in 0.00 ms.
Initialize engine version: 2020.3.19f1 (68f137dc9bbe)
[Subsystems] Discovering subsystems at path C:/Program Files/Unity/Hub/Editor/2020.3.19f1/Editor/Data/Resources/UnitySubsystems
[Subsystems] Discovering subsystems at path C:/Users/Emi/Principish/ludumdare38/Assets
GfxDevice: creating device client; threaded=0
Direct3D:
    Version:  Direct3D 11.0 [level 11.1]
    Renderer: NVIDIA GeForce RTX 2060 with Max-Q Design (ID=0x1f12)
    Vendor:   
    VRAM:     5980 MB
    Driver:   27.21.14.5763
Initialize mono
Mono path[0] = 'C:/Program Files/Unity/Hub/Editor/2020.3.19f1/Editor/Data/Managed'
Mono path[1] = 'C:/Program Files/Unity/Hub/Editor/2020.3.19f1/Editor/Data/MonoBleedingEdge/lib/mono/unityjit'
Mono config path = 'C:/Program Files/Unity/Hub/Editor/2020.3.19f1/Editor/Data/MonoBleedingEdge/etc'
Using monoOptions --debugger-agent=transport=dt_socket,embedding=1,server=y,suspend=n,address=127.0.0.1:56576
Begin MonoManager ReloadAssembly
Registering precompiled unity dll's ...
Register platform support module: C:/Program Files/Unity/Hub/Editor/2020.3.19f1/Editor/Data/PlaybackEngines/WebGLSupport/UnityEditor.WebGL.Extensions.dll
Register platform support module: C:/Program Files/Unity/Hub/Editor/2020.3.19f1/Editor/Data/PlaybackEngines/WindowsStandaloneSupport/UnityEditor.WindowsStandalone.Extensions.dll
Registered in 0.001916 seconds.
Native extension for WindowsStandalone target not found
Native extension for WebGL target not found
Refreshing native plugins compatible for Editor in 26.38 ms, found 2 plugins.
Preloading 0 native plugins for Editor in 0.00 ms.
Mono: successfully reloaded assembly
- Completed reload, in  1.041 seconds
Domain Reload Profiling:
	ReloadAssembly (1041ms)
		BeginReloadAssembly (46ms)
			ExecutionOrderSort (0ms)
			DisableScriptedObjects (0ms)
			BackupInstance (0ms)
			ReleaseScriptingObjects (0ms)
			CreateAndSetChildDomain (1ms)
		EndReloadAssembly (356ms)
			LoadAssemblies (45ms)
			RebuildTransferFunctionScriptingTraits (0ms)
			SetupTypeCache (130ms)
			ReleaseScriptCaches (0ms)
			RebuildScriptCaches (28ms)
			SetupLoadedEditorAssemblies (142ms)
				LogAssemblyErrors (0ms)
				InitializePlatformSupportModulesInManaged (5ms)
				SetLoadedEditorAssemblies (0ms)
				RefreshPlugins (26ms)
				BeforeProcessingInitializeOnLoad (8ms)
				ProcessInitializeOnLoadAttributes (74ms)
				ProcessInitializeOnLoadMethodAttributes (28ms)
				AfterProcessingInitializeOnLoad (0ms)
				EditorAssembliesLoaded (0ms)
			ExecutionOrderSort2 (0ms)
			AwakeInstancesAfterBackupRestoration (0ms)
Platform modules already initialized, skipping
Registering precompiled user dll's ...
Registered in 0.002244 seconds.
Begin MonoManager ReloadAssembly
Native extension for WindowsStandalone target not found
Native extension for WebGL target not found
Refreshing native plugins compatible for Editor in 0.30 ms, found 2 plugins.
Preloading 0 native plugins for Editor in 0.00 ms.
Mono: successfully reloaded assembly
- Completed reload, in  0.890 seconds
Domain Reload Profiling:
	ReloadAssembly (891ms)
		BeginReloadAssembly (128ms)
			ExecutionOrderSort (0ms)
			DisableScriptedObjects (4ms)
			BackupInstance (0ms)
			ReleaseScriptingObjects (0ms)
			CreateAndSetChildDomain (18ms)
		EndReloadAssembly (706ms)
			LoadAssemblies (72ms)
			RebuildTransferFunctionScriptingTraits (0ms)
			SetupTypeCache (243ms)
			ReleaseScriptCaches (0ms)
			RebuildScriptCaches (40ms)
			SetupLoadedEditorAssemblies (266ms)
				LogAssemblyErrors (0ms)
				InitializePlatformSupportModulesInManaged (5ms)
				SetLoadedEditorAssemblies (0ms)
				RefreshPlugins (0ms)
				BeforeProcessingInitializeOnLoad (51ms)
				ProcessInitializeOnLoadAttributes (199ms)
				ProcessInitializeOnLoadMethodAttributes (4ms)
				AfterProcessingInitializeOnLoad (6ms)
				EditorAssembliesLoaded (0ms)
			ExecutionOrderSort2 (0ms)
			AwakeInstancesAfterBackupRestoration (6ms)
Platform modules already initialized, skipping
========================================================================
Worker process is ready to serve import requests
Launched and connected shader compiler UnityShaderCompiler.exe after 0.06 seconds
Refreshing native plugins compatible for Editor in 0.38 ms, found 2 plugins.
Preloading 0 native plugins for Editor in 0.00 ms.
Unloading 1405 Unused Serialized files (Serialized files now loaded: 0)
System memory in use before: 64.9 MB.
System memory in use after: 65.0 MB.

Unloading 16 unused Assets to reduce memory usage. Loaded Objects now: 1838.
Total: 2.954600 ms (FindLiveObjects: 0.198900 ms CreateObjectMapping: 0.034400 ms MarkObjects: 2.645500 ms  DeleteObjects: 0.073600 ms)

AssetImportParameters requested are different than current active one (requested -> active):
  custom:framework-win-MediaFoundation: 216162199b28c13a410421893ffa2e32 -> 
  custom:video-decoder-ogg-theora: a1e56fd34408186e4bbccfd4996cb3dc -> 
  custom:container-muxer-webm: aa71ff27fc2769a1b78a27578f13a17b -> 
  custom:container-demuxer-webm: 4f35f7cbe854078d1ac9338744f61a02 -> 
  custom:container-demuxer-ogg: 62fdf1f143b41e24485cea50d1cbac27 -> 
  custom:video-encoder-webm-vp8: eb34c28f22e8b96e1ab97ce403110664 -> 
  custom:video-decoder-webm-vp8: 9c59270c3fd7afecdb556c50c9e8de78 -> 
  custom:audio-decoder-ogg-vorbis: bf7c407c2cedff20999df2af8eb42d56 -> 
  custom:audio-encoder-webm-vorbis: bf7c407c2cedff20999df2af8eb42d56 -> 
========================================================================
Received Import Request.
  path: Assets/Sprites/Spaceman1.png
  artifactKey: Guid(ed0d20e98102a4c34bd46cfaa854b1d4) Importer(815301076,1909f56bfc062723c751e8b465ee728b)
Start importing Assets/Sprites/Spaceman1.png using Guid(ed0d20e98102a4c34bd46cfaa854b1d4) Importer(815301076,1909f56bfc062723c751e8b465ee728b)  -> (artifact id: '29403a78afacd425260166491cd8398a') in 0.121500 seconds 
  Import took 0.123793 seconds .

========================================================================
Received Import Request.
  Time since last request: 0.000208 seconds.
  path: Assets/Sprites/Planet.png
  artifactKey: Guid(1e164bbcce616447397d4fa88b67e18a) Importer(815301076,1909f56bfc062723c751e8b465ee728b)
Start importing Assets/Sprites/Planet.png using Guid(1e164bbcce616447397d4fa88b67e18a) Importer(815301076,1909f56bfc062723c751e8b465ee728b)  -> (artifact id: 'd11d7c8ad5f12c53b3dc60047ba0dd86') in 0.045633 seconds 
  Import took 0.048881 seconds .

========================================================================
Received Import Request.
  Time since last request: 0.000243 seconds.
  path: Assets/Sprites/Danger.png
  artifactKey: Guid(75821afff232b4c1b8da9383c5ed65ab) Importer(815301076,1909f56bfc062723c751e8b465ee728b)
Start importing Assets/Sprites/Danger.png using Guid(75821afff232b4c1b8da9383c5ed65ab) Importer(815301076,1909f56bfc062723c751e8b465ee728b)  -> (artifact id: 'b9cf13ea6d97510dc86c61de1443dd59') in 0.016572 seconds 
  Import took 0.018956 seconds .

========================================================================
Received Import Request.
  Time since last request: 0.000191 seconds.
  path: Assets/Sprites/Spaceman2.png
  artifactKey: Guid(294053c3310c44ad6a785881b191b454) Importer(815301076,1909f56bfc062723c751e8b465ee728b)
Start importing Assets/Sprites/Spaceman2.png using Guid(294053c3310c44ad6a785881b191b454) Importer(815301076,1909f56bfc062723c751e8b465ee728b)  -> (artifact id: '80ee3a6facb09c1beef22bc7944c0c29') in 0.015402 seconds 
  Import took 0.017532 seconds .

========================================================================
Received Import Request.
  Time since last request: 0.000193 seconds.
  path: Assets/Sprites/Spaceman4.png
  artifactKey: Guid(1a41f91883c724fa088e0ebd1b39cef7) Importer(815301076,1909f56bfc062723c751e8b465ee728b)
Start importing Assets/Sprites/Spaceman4.png using Guid(1a41f91883c724fa088e0ebd1b39cef7) Importer(815301076,1909f56bfc062723c751e8b465ee728b)  -> (artifact id: '73401f9a786b09e531690a4574f8dad4') in 0.017462 seconds 
  Import took 0.019689 seconds .

========================================================================
Received Import Request.
  Time since last request: 0.000173 seconds.
  path: Assets/Sprites/Spaceman6.png
  artifactKey: Guid(e8f7fc674301b431695567a26c16ba78) Importer(815301076,1909f56bfc062723c751e8b465ee728b)
Start importing Assets/Sprites/Spaceman6.png using Guid(e8f7fc674301b431695567a26c16ba78) Importer(815301076,1909f56bfc062723c751e8b465ee728b)  -> (artifact id: '8b398415d2b959e0b225677c3d922131') in 0.017725 seconds 
  Import took 0.019928 seconds .

========================================================================
Received Import Request.
  Time since last request: 0.000173 seconds.
  path: Assets/Sprites/Mount2.png
  artifactKey: Guid(fb802c9d6d4544ff58fa3ff07199528f) Importer(815301076,1909f56bfc062723c751e8b465ee728b)
Start importing Assets/Sprites/Mount2.png using Guid(fb802c9d6d4544ff58fa3ff07199528f) Importer(815301076,1909f56bfc062723c751e8b465ee728b)  -> (artifact id: '72706db051de49cf428489f5697b5031') in 0.016686 seconds 
  Import took 0.018871 seconds .

========================================================================
Received Import Request.
  Time since last request: 0.000233 seconds.
  path: Assets/Sprites/Mount3.png
  artifactKey: Guid(acd22781202734ea8b86194beb076fa7) Importer(815301076,1909f56bfc062723c751e8b465ee728b)
Start importing Assets/Sprites/Mount3.png using Guid(acd22781202734ea8b86194beb076fa7) Importer(815301076,1909f56bfc062723c751e8b465ee728b)  -> (artifact id: '339589dcf20beecc90914fc19099f4ac') in 0.019128 seconds 
  Import took 0.021458 seconds .

========================================================================
Received Import Request.
  Time since last request: 0.000197 seconds.
  path: Assets/Sprites/Rock2.png
  artifactKey: Guid(3d9dcde242de04c48abe7069c4439608) Importer(815301076,1909f56bfc062723c751e8b465ee728b)
Start importing Assets/Sprites/Rock2.png using Guid(3d9dcde242de04c48abe7069c4439608) Importer(815301076,1909f56bfc062723c751e8b465ee728b)  -> (artifact id: '4d1babe40debe1b1fbf41c66a278329c') in 0.019028 seconds 
  Import took 0.021752 seconds .

========================================================================
Received Import Request.
  Time since last request: 0.000224 seconds.
  path: Assets/Sprites/Spaceman5.png
  artifactKey: Guid(abf60a005084346ee9bc67fb45c8ebcd) Importer(815301076,1909f56bfc062723c751e8b465ee728b)
Start importing Assets/Sprites/Spaceman5.png using Guid(abf60a005084346ee9bc67fb45c8ebcd) Importer(815301076,1909f56bfc062723c751e8b465ee728b)  -> (artifact id: 'b123aabcc7d6e1d7602d6d94a35fa109') in 0.017930 seconds 
  Import took 0.020271 seconds .

========================================================================
Received Import Request.
  Time since last request: 0.000169 seconds.
  path: Assets/Sprites/Spaceship.png
  artifactKey: Guid(fa3dcd042c05c47babdcec7065ea4d79) Importer(815301076,1909f56bfc062723c751e8b465ee728b)
Start importing Assets/Sprites/Spaceship.png using Guid(fa3dcd042c05c47babdcec7065ea4d79) Importer(815301076,1909f56bfc062723c751e8b465ee728b)  -> (artifact id: 'bbfd5cc5f811a80b2a3c3cce673c428b') in 0.020710 seconds 
  Import took 0.022679 seconds .

========================================================================
Received Import Request.
  Time since last request: 0.000166 seconds.
  path: Assets/Sprites/Title.png
  artifactKey: Guid(748ce5468c69c4aa294f2bb1b88b5c5f) Importer(815301076,1909f56bfc062723c751e8b465ee728b)
Start importing Assets/Sprites/Title.png using Guid(748ce5468c69c4aa294f2bb1b88b5c5f) Importer(815301076,1909f56bfc062723c751e8b465ee728b)  -> (artifact id: 'faf3c528bfcec43cdcfd3c5d04fb93ba') in 0.033414 seconds 
  Import took 0.036035 seconds .

========================================================================
Received Import Request.
  Time since last request: 0.000208 seconds.
  path: Assets/Sprites/Background.png
  artifactKey: Guid(1c42c244cfef843ce915405d23897ca6) Importer(815301076,1909f56bfc062723c751e8b465ee728b)
Start importing Assets/Sprites/Background.png using Guid(1c42c244cfef843ce915405d23897ca6) Importer(815301076,1909f56bfc062723c751e8b465ee728b)  -> (artifact id: 'd293142af92158a0a0b620011895e6a2') in 0.036742 seconds 
  Import took 0.038954 seconds .

========================================================================
Received Import Request.
  Time since last request: 0.000180 seconds.
  path: Assets/Sprites/Spaceman3.png
  artifactKey: Guid(b8d41b52b640c4dc9919d63e7847eec3) Importer(815301076,1909f56bfc062723c751e8b465ee728b)
Start importing Assets/Sprites/Spaceman3.png using Guid(b8d41b52b640c4dc9919d63e7847eec3) Importer(815301076,1909f56bfc062723c751e8b465ee728b)  -> (artifact id: 'db9d30c4d5f1e02bcb7219995c801067') in 0.018856 seconds 
  Import took 0.021123 seconds .

========================================================================
Received Import Request.
  Time since last request: 0.000210 seconds.
  path: Assets/Sprites/Peak.png
  artifactKey: Guid(1d2db9f822b114c1fbf249154363641a) Importer(815301076,1909f56bfc062723c751e8b465ee728b)
Start importing Assets/Sprites/Peak.png using Guid(1d2db9f822b114c1fbf249154363641a) Importer(815301076,1909f56bfc062723c751e8b465ee728b)  -> (artifact id: '9eb0684c4da49618951b08fa40b6d5d2') in 0.027294 seconds 
  Import took 0.029652 seconds .

========================================================================
Received Import Request.
  Time since last request: 0.000183 seconds.
  path: Assets/Sprites/Spaceman7.png
  artifactKey: Guid(11fd2bf740423456d8e36097ea22bdee) Importer(815301076,1909f56bfc062723c751e8b465ee728b)
Start importing Assets/Sprites/Spaceman7.png using Guid(11fd2bf740423456d8e36097ea22bdee) Importer(815301076,1909f56bfc062723c751e8b465ee728b)  -> (artifact id: 'c4753771a955db85a177c05b4dcbcfcc') in 0.019226 seconds 
  Import took 0.021363 seconds .

========================================================================
Received Import Request.
  Time since last request: 0.000184 seconds.
  path: Assets/Sprites/Mount1.png
  artifactKey: Guid(ace62572146ca4720a1f9d3a09d20616) Importer(815301076,1909f56bfc062723c751e8b465ee728b)
Start importing Assets/Sprites/Mount1.png using Guid(ace62572146ca4720a1f9d3a09d20616) Importer(815301076,1909f56bfc062723c751e8b465ee728b)  -> (artifact id: 'bd2a2e0c51d04c31cbcf3e7e62f1670e') in 0.025387 seconds 
  Import took 0.027651 seconds .

========================================================================
Received Import Request.
  Time since last request: 0.000229 seconds.
  path: Assets/Sprites/YouWin.JPG
  artifactKey: Guid(3cea777a8996e4fc8b0a722ef2d5098b) Importer(815301076,1909f56bfc062723c751e8b465ee728b)
Start importing Assets/Sprites/YouWin.JPG using Guid(3cea777a8996e4fc8b0a722ef2d5098b) Importer(815301076,1909f56bfc062723c751e8b465ee728b)  -> (artifact id: '4e5bdab9b98b335bfa38e1fee2e7bb12') in 0.032200 seconds 
  Import took 0.034504 seconds .

========================================================================
Received Import Request.
  Time since last request: 0.000170 seconds.
  path: Assets/Sprites/Rock1.png
  artifactKey: Guid(2e06ce1f934194a5786e713e64c17465) Importer(815301076,1909f56bfc062723c751e8b465ee728b)
Start importing Assets/Sprites/Rock1.png using Guid(2e06ce1f934194a5786e713e64c17465) Importer(815301076,1909f56bfc062723c751e8b465ee728b)  -> (artifact id: '9fe2c55f875accf1dc9e82abc7eefca9') in 0.016531 seconds 
  Import took 0.018912 seconds .

========================================================================
Received Prepare
Refreshing native plugins compatible for Editor in 2.42 ms, found 2 plugins.
Preloading 0 native plugins for Editor in 0.00 ms.
Unloading 9 Unused Serialized files (Serialized files now loaded: 0)
System memory in use before: 40.6 MB.
System memory in use after: 40.7 MB.

Unloading 9 unused Assets to reduce memory usage. Loaded Objects now: 1868.
Total: 3.056200 ms (FindLiveObjects: 0.197400 ms CreateObjectMapping: 0.033900 ms MarkObjects: 2.805700 ms  DeleteObjects: 0.017700 ms)

AssetImportParameters requested are different than current active one (requested -> active):
  custom:framework-win-MediaFoundation: 216162199b28c13a410421893ffa2e32 -> 
  custom:video-decoder-ogg-theora: a1e56fd34408186e4bbccfd4996cb3dc -> 
  custom:container-muxer-webm: aa71ff27fc2769a1b78a27578f13a17b -> 
  custom:container-demuxer-webm: 4f35f7cbe854078d1ac9338744f61a02 -> 
  custom:container-demuxer-ogg: 62fdf1f143b41e24485cea50d1cbac27 -> 
  custom:video-encoder-webm-vp8: eb34c28f22e8b96e1ab97ce403110664 -> 
  custom:video-decoder-webm-vp8: 9c59270c3fd7afecdb556c50c9e8de78 -> 
  custom:audio-decoder-ogg-vorbis: bf7c407c2cedff20999df2af8eb42d56 -> 
  custom:audio-encoder-webm-vorbis: bf7c407c2cedff20999df2af8eb42d56 -> 
========================================================================
Received Import Request.
  Time since last request: 23.915019 seconds.
  path: Assets/Scripts/CameraController.cs
  artifactKey: Guid(ab68332baa943491ba7a8f943a3902c9) Importer(815301076,1909f56bfc062723c751e8b465ee728b)
Start importing Assets/Scripts/CameraController.cs using Guid(ab68332baa943491ba7a8f943a3902c9) Importer(815301076,1909f56bfc062723c751e8b465ee728b)  -> (artifact id: '8d2ff7166324510cf89e5277be4c2007') in 0.019878 seconds 
  Import took 0.023481 seconds .

========================================================================
Received Import Request.
  Time since last request: 1.038001 seconds.
  path: Assets/Scripts/Character.cs
  artifactKey: Guid(627044fbd3cf946ae855c26106f64591) Importer(815301076,1909f56bfc062723c751e8b465ee728b)
Start importing Assets/Scripts/Character.cs using Guid(627044fbd3cf946ae855c26106f64591) Importer(815301076,1909f56bfc062723c751e8b465ee728b)  -> (artifact id: '216a2bec16cb94894a67b99aa03811fc') in 0.006638 seconds 
  Import took 0.008769 seconds .

========================================================================
Received Import Request.
  Time since last request: 1.899809 seconds.
  path: Assets/Scripts/Common.cs
  artifactKey: Guid(16d4e98f36d894f588df7ea308bc5ad1) Importer(815301076,1909f56bfc062723c751e8b465ee728b)
Start importing Assets/Scripts/Common.cs using Guid(16d4e98f36d894f588df7ea308bc5ad1) Importer(815301076,1909f56bfc062723c751e8b465ee728b)  -> (artifact id: '1864d57315ed6e06b93a656d560e0289') in 0.006579 seconds 
  Import took 0.008694 seconds .

========================================================================
Received Import Request.
  Time since last request: 0.711213 seconds.
  path: Assets/Scripts/FadeScript.cs
  artifactKey: Guid(ec40e6cfa065c42adbe3483c19b5b22a) Importer(815301076,1909f56bfc062723c751e8b465ee728b)
Start importing Assets/Scripts/FadeScript.cs using Guid(ec40e6cfa065c42adbe3483c19b5b22a) Importer(815301076,1909f56bfc062723c751e8b465ee728b)  -> (artifact id: 'dbedb8bc8c5446d867124efb37bd80cb') in 0.006663 seconds 
  Import took 0.008797 seconds .

========================================================================
Received Import Request.
  Time since last request: 0.581246 seconds.
  path: Assets/Scripts/LifeGauge.cs
  artifactKey: Guid(c5d00be52687b4ad2b89795129cf96ec) Importer(815301076,1909f56bfc062723c751e8b465ee728b)
Start importing Assets/Scripts/LifeGauge.cs using Guid(c5d00be52687b4ad2b89795129cf96ec) Importer(815301076,1909f56bfc062723c751e8b465ee728b)  -> (artifact id: '4aa48f87d605ff2baf34dd04ca01854e') in 0.006649 seconds 
  Import took 0.009104 seconds .

========================================================================
Received Import Request.
  Time since last request: 0.669652 seconds.
  path: Assets/Scripts/OxygenGauge.cs
  artifactKey: Guid(f1e1dc887598a4b9cbba5a7db1caad5e) Importer(815301076,1909f56bfc062723c751e8b465ee728b)
Start importing Assets/Scripts/OxygenGauge.cs using Guid(f1e1dc887598a4b9cbba5a7db1caad5e) Importer(815301076,1909f56bfc062723c751e8b465ee728b)  -> (artifact id: 'ec6a858291d66be6b4328fc037ec198b') in 0.007079 seconds 
  Import took 0.009168 seconds .

========================================================================
Received Import Request.
  Time since last request: 1.205579 seconds.
  path: Assets/Scripts/Rock.cs
  artifactKey: Guid(beef0b3fd5823445ca6d19b6d21976b0) Importer(815301076,1909f56bfc062723c751e8b465ee728b)
Start importing Assets/Scripts/Rock.cs using Guid(beef0b3fd5823445ca6d19b6d21976b0) Importer(815301076,1909f56bfc062723c751e8b465ee728b)  -> (artifact id: '23bba269948de8edc4c72abd51fd623a') in 0.008027 seconds 
  Import took 0.011526 seconds .

========================================================================
Received Import Request.
  Time since last request: 0.471086 seconds.
  path: Assets/Scripts/WinSceneWait.cs
  artifactKey: Guid(cef068c19704140c98ce5d91fc6924bc) Importer(815301076,1909f56bfc062723c751e8b465ee728b)
Start importing Assets/Scripts/WinSceneWait.cs using Guid(cef068c19704140c98ce5d91fc6924bc) Importer(815301076,1909f56bfc062723c751e8b465ee728b)  -> (artifact id: '2e5876f5388afbcb18b10343d54ccfc1') in 0.006988 seconds 
  Import took 0.010092 seconds .

========================================================================
Received Import Request.
  Time since last request: 1.624431 seconds.
  path: Assets/PhysicsMaterials/Character.physicsMaterial2D
  artifactKey: Guid(c7c4dae12886d4874bc2a25e79d93438) Importer(815301076,1909f56bfc062723c751e8b465ee728b)
Start importing Assets/PhysicsMaterials/Character.physicsMaterial2D using Guid(c7c4dae12886d4874bc2a25e79d93438) Importer(815301076,1909f56bfc062723c751e8b465ee728b)  -> (artifact id: '7e465b5ae222bf72c4bcb95a26cd277e') in 0.004681 seconds 
  Import took 0.006788 seconds .

========================================================================
Received Import Request.
  Time since last request: 0.000890 seconds.
  path: Assets/PhysicsMaterials/Ground.physicsMaterial2D
  artifactKey: Guid(15f0e198d6c5742d5bf0005c007d0365) Importer(815301076,1909f56bfc062723c751e8b465ee728b)
Start importing Assets/PhysicsMaterials/Ground.physicsMaterial2D using Guid(15f0e198d6c5742d5bf0005c007d0365) Importer(815301076,1909f56bfc062723c751e8b465ee728b)  -> (artifact id: '1e284b987b447aab7849267f80182633') in 0.006826 seconds 
  Import took 0.009200 seconds .

========================================================================
Received Import Request.
  Time since last request: 0.000407 seconds.
  path: Assets/PhysicsMaterials/Rock.physicsMaterial2D
  artifactKey: Guid(f2b8e3a69b5a64cd6881764f4d3e6158) Importer(815301076,1909f56bfc062723c751e8b465ee728b)
Start importing Assets/PhysicsMaterials/Rock.physicsMaterial2D using Guid(f2b8e3a69b5a64cd6881764f4d3e6158) Importer(815301076,1909f56bfc062723c751e8b465ee728b)  -> (artifact id: 'b7ce17f32f26bdf054d5758b6abcaea1') in 0.003687 seconds 
  Import took 0.005872 seconds .

========================================================================
Received Import Request.
  Time since last request: 0.000241 seconds.
  path: Assets/PhysicsMaterials/SlipperyHill.physicsMaterial2D
  artifactKey: Guid(07f521fa073364f0784af55c0146c09b) Importer(815301076,1909f56bfc062723c751e8b465ee728b)
Start importing Assets/PhysicsMaterials/SlipperyHill.physicsMaterial2D using Guid(07f521fa073364f0784af55c0146c09b) Importer(815301076,1909f56bfc062723c751e8b465ee728b)  -> (artifact id: '40f021e1b384c387258599de007fbbf5') in 0.007949 seconds 
  Import took 0.010521 seconds .

========================================================================
Received Import Request.
  Time since last request: 1.348739 seconds.
  path: Assets/Prefabs/DangerZone.prefab
  artifactKey: Guid(d87de41e496754d9d90f62ffbdb27557) Importer(815301076,1909f56bfc062723c751e8b465ee728b)
Start importing Assets/Prefabs/DangerZone.prefab using Guid(d87de41e496754d9d90f62ffbdb27557) Importer(815301076,1909f56bfc062723c751e8b465ee728b)  -> (artifact id: '948eec2ba0fe9b4c6604af2ce59c4b97') in 0.066347 seconds 
  Import took 0.068577 seconds .

========================================================================
Received Import Request.
  Time since last request: 0.000215 seconds.
  path: Assets/Prefabs/Mount1.prefab
  artifactKey: Guid(cf796a7ed73554a52964a6cc980f8d04) Importer(815301076,1909f56bfc062723c751e8b465ee728b)
Start importing Assets/Prefabs/Mount1.prefab using Guid(cf796a7ed73554a52964a6cc980f8d04) Importer(815301076,1909f56bfc062723c751e8b465ee728b)  -> (artifact id: '6ce64def8b10698e542f745fa1dbe242') in 0.022839 seconds 
  Import took 0.025018 seconds .

========================================================================
Received Import Request.
  Time since last request: 0.000206 seconds.
  path: Assets/Prefabs/Mount3.prefab
  artifactKey: Guid(087578d8a01a545d09cf6251a4afde67) Importer(815301076,1909f56bfc062723c751e8b465ee728b)
Start importing Assets/Prefabs/Mount3.prefab using Guid(087578d8a01a545d09cf6251a4afde67) Importer(815301076,1909f56bfc062723c751e8b465ee728b)  -> (artifact id: '38e5e67374d3a9b5765880b96c8ce68a') in 0.016342 seconds 
  Import took 0.018616 seconds .

========================================================================
Received Import Request.
  Time since last request: 0.000263 seconds.
  path: Assets/Prefabs/Rock1.prefab
  artifactKey: Guid(f15f684b6d4564546924f4bb331d4218) Importer(815301076,1909f56bfc062723c751e8b465ee728b)
Start importing Assets/Prefabs/Rock1.prefab using Guid(f15f684b6d4564546924f4bb331d4218) Importer(815301076,1909f56bfc062723c751e8b465ee728b)  -> (artifact id: '5e1b87117489213982675d90c48fb31b') in 0.019276 seconds 
  Import took 0.021525 seconds .

========================================================================
Received Import Request.
  Time since last request: 0.000206 seconds.
  path: Assets/Prefabs/Mount2.prefab
  artifactKey: Guid(5ad9134235bb643cc9d97e640375008a) Importer(815301076,1909f56bfc062723c751e8b465ee728b)
Start importing Assets/Prefabs/Mount2.prefab using Guid(5ad9134235bb643cc9d97e640375008a) Importer(815301076,1909f56bfc062723c751e8b465ee728b)  -> (artifact id: '1ef062be3b94149ca4b59898fd861f47') in 0.015106 seconds 
  Import took 0.017248 seconds .

========================================================================
Received Import Request.
  Time since last request: 0.000170 seconds.
  path: Assets/Prefabs/Rock2.prefab
  artifactKey: Guid(80add48c78d3b4274955a977c65966aa) Importer(815301076,1909f56bfc062723c751e8b465ee728b)
Start importing Assets/Prefabs/Rock2.prefab using Guid(80add48c78d3b4274955a977c65966aa) Importer(815301076,1909f56bfc062723c751e8b465ee728b)  -> (artifact id: '9946dfde4e53011db589394024276d27') in 0.014627 seconds 
  Import took 0.016859 seconds .

========================================================================
Received Import Request.
  Time since last request: 2.673961 seconds.
  path: Assets/Scenes/Main.unity
  artifactKey: Guid(bb2f062de5b804e689fc2e3271344eb4) Importer(815301076,1909f56bfc062723c751e8b465ee728b)
Start importing Assets/Scenes/Main.unity using Guid(bb2f062de5b804e689fc2e3271344eb4) Importer(815301076,1909f56bfc062723c751e8b465ee728b)  -> (artifact id: 'e9bae378300addba473481f7f120ac99') in 0.006956 seconds 
  Import took 0.009541 seconds .

========================================================================
Received Prepare
Registering precompiled user dll's ...
Registered in 0.002109 seconds.
Begin MonoManager ReloadAssembly
Native extension for WindowsStandalone target not found
Native extension for WebGL target not found
Refreshing native plugins compatible for Editor in 0.30 ms, found 2 plugins.
Preloading 0 native plugins for Editor in 0.00 ms.
Mono: successfully reloaded assembly
- Completed reload, in  0.777 seconds
Domain Reload Profiling:
	ReloadAssembly (777ms)
		BeginReloadAssembly (93ms)
			ExecutionOrderSort (0ms)
			DisableScriptedObjects (4ms)
			BackupInstance (0ms)
			ReleaseScriptingObjects (0ms)
			CreateAndSetChildDomain (29ms)
		EndReloadAssembly (629ms)
			LoadAssemblies (67ms)
			RebuildTransferFunctionScriptingTraits (0ms)
			SetupTypeCache (228ms)
			ReleaseScriptCaches (1ms)
			RebuildScriptCaches (31ms)
			SetupLoadedEditorAssemblies (219ms)
				LogAssemblyErrors (0ms)
				InitializePlatformSupportModulesInManaged (5ms)
				SetLoadedEditorAssemblies (0ms)
				RefreshPlugins (0ms)
				BeforeProcessingInitializeOnLoad (42ms)
				ProcessInitializeOnLoadAttributes (163ms)
				ProcessInitializeOnLoadMethodAttributes (3ms)
				AfterProcessingInitializeOnLoad (5ms)
				EditorAssembliesLoaded (0ms)
			ExecutionOrderSort2 (0ms)
			AwakeInstancesAfterBackupRestoration (6ms)
Platform modules already initialized, skipping
Refreshing native plugins compatible for Editor in 0.32 ms, found 2 plugins.
Preloading 0 native plugins for Editor in 0.00 ms.
Unloading 1399 Unused Serialized files (Serialized files now loaded: 0)
System memory in use before: 68.0 MB.
System memory in use after: 68.1 MB.

Unloading 11 unused Assets to reduce memory usage. Loaded Objects now: 1873.
Total: 3.277300 ms (FindLiveObjects: 0.193900 ms CreateObjectMapping: 0.033700 ms MarkObjects: 3.026100 ms  DeleteObjects: 0.021800 ms)

AssetImportParameters requested are different than current active one (requested -> active):
  custom:framework-win-MediaFoundation: 216162199b28c13a410421893ffa2e32 -> 
  custom:video-decoder-ogg-theora: a1e56fd34408186e4bbccfd4996cb3dc -> 
  custom:container-muxer-webm: aa71ff27fc2769a1b78a27578f13a17b -> 
  custom:container-demuxer-webm: 4f35f7cbe854078d1ac9338744f61a02 -> 
  custom:container-demuxer-ogg: 62fdf1f143b41e24485cea50d1cbac27 -> 
  custom:video-encoder-webm-vp8: eb34c28f22e8b96e1ab97ce403110664 -> 
  custom:video-decoder-webm-vp8: 9c59270c3fd7afecdb556c50c9e8de78 -> 
  custom:audio-decoder-ogg-vorbis: bf7c407c2cedff20999df2af8eb42d56 -> 
  custom:audio-encoder-webm-vorbis: bf7c407c2cedff20999df2af8eb42d56 -> 
========================================================================
Received Prepare
Registering precompiled user dll's ...
Registered in 0.002032 seconds.
Begin MonoManager ReloadAssembly
Native extension for WindowsStandalone target not found
Native extension for WebGL target not found
Refreshing native plugins compatible for Editor in 0.30 ms, found 2 plugins.
Preloading 0 native plugins for Editor in 0.00 ms.
Mono: successfully reloaded assembly
- Completed reload, in  0.783 seconds
Domain Reload Profiling:
	ReloadAssembly (783ms)
		BeginReloadAssembly (94ms)
			ExecutionOrderSort (0ms)
			DisableScriptedObjects (4ms)
			BackupInstance (0ms)
			ReleaseScriptingObjects (0ms)
			CreateAndSetChildDomain (29ms)
		EndReloadAssembly (632ms)
			LoadAssemblies (67ms)
			RebuildTransferFunctionScriptingTraits (0ms)
			SetupTypeCache (229ms)
			ReleaseScriptCaches (1ms)
			RebuildScriptCaches (33ms)
			SetupLoadedEditorAssemblies (220ms)
				LogAssemblyErrors (0ms)
				InitializePlatformSupportModulesInManaged (5ms)
				SetLoadedEditorAssemblies (0ms)
				RefreshPlugins (0ms)
				BeforeProcessingInitializeOnLoad (41ms)
				ProcessInitializeOnLoadAttributes (164ms)
				ProcessInitializeOnLoadMethodAttributes (3ms)
				AfterProcessingInitializeOnLoad (6ms)
				EditorAssembliesLoaded (0ms)
			ExecutionOrderSort2 (0ms)
			AwakeInstancesAfterBackupRestoration (6ms)
Platform modules already initialized, skipping
Refreshing native plugins compatible for Editor in 0.30 ms, found 2 plugins.
Preloading 0 native plugins for Editor in 0.00 ms.
Unloading 1399 Unused Serialized files (Serialized files now loaded: 0)
System memory in use before: 68.0 MB.
System memory in use after: 68.1 MB.

Unloading 11 unused Assets to reduce memory usage. Loaded Objects now: 1875.
Total: 3.552800 ms (FindLiveObjects: 0.197400 ms CreateObjectMapping: 0.059700 ms MarkObjects: 3.274500 ms  DeleteObjects: 0.019500 ms)

AssetImportParameters requested are different than current active one (requested -> active):
  custom:framework-win-MediaFoundation: 216162199b28c13a410421893ffa2e32 -> 
  custom:video-decoder-ogg-theora: a1e56fd34408186e4bbccfd4996cb3dc -> 
  custom:container-muxer-webm: aa71ff27fc2769a1b78a27578f13a17b -> 
  custom:container-demuxer-webm: 4f35f7cbe854078d1ac9338744f61a02 -> 
  custom:container-demuxer-ogg: 62fdf1f143b41e24485cea50d1cbac27 -> 
  custom:video-encoder-webm-vp8: eb34c28f22e8b96e1ab97ce403110664 -> 
  custom:video-decoder-webm-vp8: 9c59270c3fd7afecdb556c50c9e8de78 -> 
  custom:audio-decoder-ogg-vorbis: bf7c407c2cedff20999df2af8eb42d56 -> 
  custom:audio-encoder-webm-vorbis: bf7c407c2cedff20999df2af8eb42d56 -> 
========================================================================
Received Prepare
Registering precompiled user dll's ...
Registered in 0.002014 seconds.
Begin MonoManager ReloadAssembly
Native extension for WindowsStandalone target not found
Native extension for WebGL target not found
Refreshing native plugins compatible for Editor in 0.32 ms, found 2 plugins.
Preloading 0 native plugins for Editor in 0.00 ms.
Mono: successfully reloaded assembly
- Completed reload, in  0.798 seconds
Domain Reload Profiling:
	ReloadAssembly (799ms)
		BeginReloadAssembly (100ms)
			ExecutionOrderSort (0ms)
			DisableScriptedObjects (3ms)
			BackupInstance (0ms)
			ReleaseScriptingObjects (0ms)
			CreateAndSetChildDomain (32ms)
		EndReloadAssembly (642ms)
			LoadAssemblies (65ms)
			RebuildTransferFunctionScriptingTraits (0ms)
			SetupTypeCache (239ms)
			ReleaseScriptCaches (1ms)
			RebuildScriptCaches (36ms)
			SetupLoadedEditorAssemblies (215ms)
				LogAssemblyErrors (0ms)
				InitializePlatformSupportModulesInManaged (5ms)
				SetLoadedEditorAssemblies (0ms)
				RefreshPlugins (0ms)
				BeforeProcessingInitializeOnLoad (42ms)
				ProcessInitializeOnLoadAttributes (160ms)
				ProcessInitializeOnLoadMethodAttributes (3ms)
				AfterProcessingInitializeOnLoad (5ms)
				EditorAssembliesLoaded (0ms)
			ExecutionOrderSort2 (0ms)
			AwakeInstancesAfterBackupRestoration (5ms)
Platform modules already initialized, skipping
Refreshing native plugins compatible for Editor in 0.34 ms, found 2 plugins.
Preloading 0 native plugins for Editor in 0.00 ms.
Unloading 1399 Unused Serialized files (Serialized files now loaded: 0)
System memory in use before: 68.0 MB.
System memory in use after: 68.1 MB.

Unloading 11 unused Assets to reduce memory usage. Loaded Objects now: 1877.
Total: 3.549400 ms (FindLiveObjects: 0.228300 ms CreateObjectMapping: 0.060200 ms MarkObjects: 3.240800 ms  DeleteObjects: 0.018700 ms)

AssetImportParameters requested are different than current active one (requested -> active):
  custom:framework-win-MediaFoundation: 216162199b28c13a410421893ffa2e32 -> 
  custom:video-decoder-ogg-theora: a1e56fd34408186e4bbccfd4996cb3dc -> 
  custom:container-muxer-webm: aa71ff27fc2769a1b78a27578f13a17b -> 
  custom:container-demuxer-webm: 4f35f7cbe854078d1ac9338744f61a02 -> 
  custom:container-demuxer-ogg: 62fdf1f143b41e24485cea50d1cbac27 -> 
  custom:video-encoder-webm-vp8: eb34c28f22e8b96e1ab97ce403110664 -> 
  custom:video-decoder-webm-vp8: 9c59270c3fd7afecdb556c50c9e8de78 -> 
  custom:audio-decoder-ogg-vorbis: bf7c407c2cedff20999df2af8eb42d56 -> 
  custom:audio-encoder-webm-vorbis: bf7c407c2cedff20999df2af8eb42d56 -> 
========================================================================
Received Prepare
Registering precompiled user dll's ...
Registered in 0.002086 seconds.
Begin MonoManager ReloadAssembly
Native extension for WindowsStandalone target not found
Native extension for WebGL target not found
Refreshing native plugins compatible for Editor in 0.33 ms, found 2 plugins.
Preloading 0 native plugins for Editor in 0.00 ms.
Mono: successfully reloaded assembly
- Completed reload, in  0.888 seconds
Domain Reload Profiling:
	ReloadAssembly (889ms)
		BeginReloadAssembly (100ms)
			ExecutionOrderSort (0ms)
			DisableScriptedObjects (4ms)
			BackupInstance (0ms)
			ReleaseScriptingObjects (0ms)
			CreateAndSetChildDomain (31ms)
		EndReloadAssembly (736ms)
			LoadAssemblies (65ms)
			RebuildTransferFunctionScriptingTraits (0ms)
			SetupTypeCache (270ms)
			ReleaseScriptCaches (1ms)
			RebuildScriptCaches (64ms)
			SetupLoadedEditorAssemblies (224ms)
				LogAssemblyErrors (0ms)
				InitializePlatformSupportModulesInManaged (5ms)
				SetLoadedEditorAssemblies (0ms)
				RefreshPlugins (0ms)
				BeforeProcessingInitializeOnLoad (43ms)
				ProcessInitializeOnLoadAttributes (166ms)
				ProcessInitializeOnLoadMethodAttributes (4ms)
				AfterProcessingInitializeOnLoad (5ms)
				EditorAssembliesLoaded (0ms)
			ExecutionOrderSort2 (0ms)
			AwakeInstancesAfterBackupRestoration (6ms)
Platform modules already initialized, skipping
Refreshing native plugins compatible for Editor in 0.30 ms, found 2 plugins.
Preloading 0 native plugins for Editor in 0.00 ms.
Unloading 1399 Unused Serialized files (Serialized files now loaded: 0)
System memory in use before: 68.0 MB.
System memory in use after: 68.1 MB.

Unloading 11 unused Assets to reduce memory usage. Loaded Objects now: 1879.
Total: 2.647600 ms (FindLiveObjects: 0.173300 ms CreateObjectMapping: 0.031000 ms MarkObjects: 2.418100 ms  DeleteObjects: 0.023700 ms)

AssetImportParameters requested are different than current active one (requested -> active):
  custom:framework-win-MediaFoundation: 216162199b28c13a410421893ffa2e32 -> 
  custom:video-decoder-ogg-theora: a1e56fd34408186e4bbccfd4996cb3dc -> 
  custom:container-muxer-webm: aa71ff27fc2769a1b78a27578f13a17b -> 
  custom:container-demuxer-webm: 4f35f7cbe854078d1ac9338744f61a02 -> 
  custom:container-demuxer-ogg: 62fdf1f143b41e24485cea50d1cbac27 -> 
  custom:video-encoder-webm-vp8: eb34c28f22e8b96e1ab97ce403110664 -> 
  custom:video-decoder-webm-vp8: 9c59270c3fd7afecdb556c50c9e8de78 -> 
  custom:audio-decoder-ogg-vorbis: bf7c407c2cedff20999df2af8eb42d56 -> 
  custom:audio-encoder-webm-vorbis: bf7c407c2cedff20999df2af8eb42d56 -> 
========================================================================
Received Prepare
Registering precompiled user dll's ...
Registered in 0.002464 seconds.
Begin MonoManager ReloadAssembly
Native extension for WindowsStandalone target not found
Native extension for WebGL target not found
Refreshing native plugins compatible for Editor in 0.37 ms, found 2 plugins.
Preloading 0 native plugins for Editor in 0.00 ms.
Mono: successfully reloaded assembly
- Completed reload, in  0.844 seconds
Domain Reload Profiling:
	ReloadAssembly (845ms)
		BeginReloadAssembly (101ms)
			ExecutionOrderSort (0ms)
			DisableScriptedObjects (4ms)
			BackupInstance (0ms)
			ReleaseScriptingObjects (0ms)
			CreateAndSetChildDomain (35ms)
		EndReloadAssembly (682ms)
			LoadAssemblies (78ms)
			RebuildTransferFunctionScriptingTraits (0ms)
			SetupTypeCache (232ms)
			ReleaseScriptCaches (1ms)
			RebuildScriptCaches (39ms)
			SetupLoadedEditorAssemblies (250ms)
				LogAssemblyErrors (0ms)
				InitializePlatformSupportModulesInManaged (6ms)
				SetLoadedEditorAssemblies (0ms)
				RefreshPlugins (0ms)
				BeforeProcessingInitializeOnLoad (45ms)
				ProcessInitializeOnLoadAttributes (189ms)
				ProcessInitializeOnLoadMethodAttributes (4ms)
				AfterProcessingInitializeOnLoad (5ms)
				EditorAssembliesLoaded (0ms)
			ExecutionOrderSort2 (0ms)
			AwakeInstancesAfterBackupRestoration (7ms)
Platform modules already initialized, skipping
Refreshing native plugins compatible for Editor in 0.29 ms, found 2 plugins.
Preloading 0 native plugins for Editor in 0.00 ms.
Unloading 1399 Unused Serialized files (Serialized files now loaded: 0)
System memory in use before: 68.0 MB.
System memory in use after: 68.1 MB.

Unloading 11 unused Assets to reduce memory usage. Loaded Objects now: 1881.
Total: 3.700800 ms (FindLiveObjects: 0.192500 ms CreateObjectMapping: 0.059200 ms MarkObjects: 3.428300 ms  DeleteObjects: 0.018600 ms)

AssetImportParameters requested are different than current active one (requested -> active):
  custom:framework-win-MediaFoundation: 216162199b28c13a410421893ffa2e32 -> 
  custom:video-decoder-ogg-theora: a1e56fd34408186e4bbccfd4996cb3dc -> 
  custom:container-muxer-webm: aa71ff27fc2769a1b78a27578f13a17b -> 
  custom:container-demuxer-webm: 4f35f7cbe854078d1ac9338744f61a02 -> 
  custom:container-demuxer-ogg: 62fdf1f143b41e24485cea50d1cbac27 -> 
  custom:video-encoder-webm-vp8: eb34c28f22e8b96e1ab97ce403110664 -> 
  custom:video-decoder-webm-vp8: 9c59270c3fd7afecdb556c50c9e8de78 -> 
  custom:audio-decoder-ogg-vorbis: bf7c407c2cedff20999df2af8eb42d56 -> 
  custom:audio-encoder-webm-vorbis: bf7c407c2cedff20999df2af8eb42d56 -> 
========================================================================
Received Prepare
Registering precompiled user dll's ...
Registered in 0.002070 seconds.
Begin MonoManager ReloadAssembly
Native extension for WindowsStandalone target not found
Native extension for WebGL target not found
Refreshing native plugins compatible for Editor in 0.32 ms, found 2 plugins.
Preloading 0 native plugins for Editor in 0.00 ms.
Mono: successfully reloaded assembly
- Completed reload, in  0.894 seconds
Domain Reload Profiling:
	ReloadAssembly (894ms)
		BeginReloadAssembly (98ms)
			ExecutionOrderSort (0ms)
			DisableScriptedObjects (3ms)
			BackupInstance (0ms)
			ReleaseScriptingObjects (0ms)
			CreateAndSetChildDomain (33ms)
		EndReloadAssembly (737ms)
			LoadAssemblies (67ms)
			RebuildTransferFunctionScriptingTraits (0ms)
			SetupTypeCache (262ms)
			ReleaseScriptCaches (1ms)
			RebuildScriptCaches (44ms)
			SetupLoadedEditorAssemblies (229ms)
				LogAssemblyErrors (0ms)
				InitializePlatformSupportModulesInManaged (5ms)
				SetLoadedEditorAssemblies (0ms)
				RefreshPlugins (0ms)
				BeforeProcessingInitializeOnLoad (44ms)
				ProcessInitializeOnLoadAttributes (170ms)
				ProcessInitializeOnLoadMethodAttributes (3ms)
				AfterProcessingInitializeOnLoad (5ms)
				EditorAssembliesLoaded (0ms)
			ExecutionOrderSort2 (0ms)
			AwakeInstancesAfterBackupRestoration (6ms)
Platform modules already initialized, skipping
Refreshing native plugins compatible for Editor in 0.30 ms, found 2 plugins.
Preloading 0 native plugins for Editor in 0.00 ms.
Unloading 1399 Unused Serialized files (Serialized files now loaded: 0)
System memory in use before: 68.0 MB.
System memory in use after: 68.1 MB.

Unloading 11 unused Assets to reduce memory usage. Loaded Objects now: 1883.
Total: 2.756600 ms (FindLiveObjects: 0.176200 ms CreateObjectMapping: 0.031100 ms MarkObjects: 2.530200 ms  DeleteObjects: 0.017500 ms)

AssetImportParameters requested are different than current active one (requested -> active):
  custom:framework-win-MediaFoundation: 216162199b28c13a410421893ffa2e32 -> 
  custom:video-decoder-ogg-theora: a1e56fd34408186e4bbccfd4996cb3dc -> 
  custom:container-muxer-webm: aa71ff27fc2769a1b78a27578f13a17b -> 
  custom:container-demuxer-webm: 4f35f7cbe854078d1ac9338744f61a02 -> 
  custom:container-demuxer-ogg: 62fdf1f143b41e24485cea50d1cbac27 -> 
  custom:video-encoder-webm-vp8: eb34c28f22e8b96e1ab97ce403110664 -> 
  custom:video-decoder-webm-vp8: 9c59270c3fd7afecdb556c50c9e8de78 -> 
  custom:audio-decoder-ogg-vorbis: bf7c407c2cedff20999df2af8eb42d56 -> 
  custom:audio-encoder-webm-vorbis: bf7c407c2cedff20999df2af8eb42d56 -> 
========================================================================
Received Prepare
Registering precompiled user dll's ...
Registered in 0.002164 seconds.
Begin MonoManager ReloadAssembly
Native extension for WindowsStandalone target not found
Native extension for WebGL target not found
Refreshing native plugins compatible for Editor in 0.46 ms, found 2 plugins.
Preloading 0 native plugins for Editor in 0.00 ms.
Mono: successfully reloaded assembly
- Completed reload, in  0.900 seconds
Domain Reload Profiling:
	ReloadAssembly (901ms)
		BeginReloadAssembly (115ms)
			ExecutionOrderSort (0ms)
			DisableScriptedObjects (4ms)
			BackupInstance (0ms)
			ReleaseScriptingObjects (0ms)
			CreateAndSetChildDomain (37ms)
		EndReloadAssembly (726ms)
			LoadAssemblies (81ms)
			RebuildTransferFunctionScriptingTraits (0ms)
			SetupTypeCache (251ms)
			ReleaseScriptCaches (1ms)
			RebuildScriptCaches (38ms)
			SetupLoadedEditorAssemblies (264ms)
				LogAssemblyErrors (0ms)
				InitializePlatformSupportModulesInManaged (6ms)
				SetLoadedEditorAssemblies (0ms)
				RefreshPlugins (1ms)
				BeforeProcessingInitializeOnLoad (47ms)
				ProcessInitializeOnLoadAttributes (201ms)
				ProcessInitializeOnLoadMethodAttributes (3ms)
				AfterProcessingInitializeOnLoad (6ms)
				EditorAssembliesLoaded (0ms)
			ExecutionOrderSort2 (0ms)
			AwakeInstancesAfterBackupRestoration (6ms)
Platform modules already initialized, skipping
Refreshing native plugins compatible for Editor in 0.54 ms, found 2 plugins.
Preloading 0 native plugins for Editor in 0.00 ms.
Unloading 1399 Unused Serialized files (Serialized files now loaded: 0)
System memory in use before: 68.0 MB.
System memory in use after: 68.1 MB.

Unloading 11 unused Assets to reduce memory usage. Loaded Objects now: 1885.
Total: 3.403900 ms (FindLiveObjects: 0.220500 ms CreateObjectMapping: 0.061000 ms MarkObjects: 3.101000 ms  DeleteObjects: 0.019400 ms)

AssetImportParameters requested are different than current active one (requested -> active):
  custom:framework-win-MediaFoundation: 216162199b28c13a410421893ffa2e32 -> 
  custom:video-decoder-ogg-theora: a1e56fd34408186e4bbccfd4996cb3dc -> 
  custom:container-muxer-webm: aa71ff27fc2769a1b78a27578f13a17b -> 
  custom:container-demuxer-webm: 4f35f7cbe854078d1ac9338744f61a02 -> 
  custom:container-demuxer-ogg: 62fdf1f143b41e24485cea50d1cbac27 -> 
  custom:video-encoder-webm-vp8: eb34c28f22e8b96e1ab97ce403110664 -> 
  custom:video-decoder-webm-vp8: 9c59270c3fd7afecdb556c50c9e8de78 -> 
  custom:audio-decoder-ogg-vorbis: bf7c407c2cedff20999df2af8eb42d56 -> 
  custom:audio-encoder-webm-vorbis: bf7c407c2cedff20999df2af8eb42d56 -> 
AssetImportWorkerClient::OnTransportError - code=2 error=End of file
